[DEBUG] 2022-04-04 18:05:03.243 [main] Log4jDemo - This is debug Message
[INFO ] 2022-04-04 18:05:03.246 [main] Log4jDemo - This is information Message
[WARN ] 2022-04-04 18:05:03.246 [main] Log4jDemo - This is warning message
[ERROR] 2022-04-04 18:05:03.246 [main] Log4jDemo - This is error message
[FATAL] 2022-04-04 18:05:03.246 [main] Log4jDemo - This is fatal message
[TRACE] 2022-04-04 18:06:01.183 [main] Log4jDemo - This is trace Message
[DEBUG] 2022-04-04 18:06:01.186 [main] Log4jDemo - This is debug Message
[INFO ] 2022-04-04 18:06:01.187 [main] Log4jDemo - This is information Message
[WARN ] 2022-04-04 18:06:01.192 [main] Log4jDemo - This is warning message
[ERROR] 2022-04-04 18:06:01.192 [main] Log4jDemo - This is error message
[FATAL] 2022-04-04 18:06:01.192 [main] Log4jDemo - This is fatal message
[TRACE] 2022-04-04 18:06:47.227 [main] Log4jDemo - This is trace Message
[DEBUG] 2022-04-04 18:06:47.230 [main] Log4jDemo - This is debug Message
[INFO ] 2022-04-04 18:06:47.230 [main] Log4jDemo - This is information Message
[WARN ] 2022-04-04 18:06:47.230 [main] Log4jDemo - This is warning message
[ERROR] 2022-04-04 18:06:47.230 [main] Log4jDemo - This is error message
[FATAL] 2022-04-04 18:06:47.230 [main] Log4jDemo - This is fatal message
[TRACE] 2022-04-04 18:07:39.913 [main] Log4jDemo - This is trace Message
[DEBUG] 2022-04-04 18:07:39.916 [main] Log4jDemo - This is debug Message
[INFO ] 2022-04-04 18:07:39.916 [main] Log4jDemo - This is information Message
[WARN ] 2022-04-04 18:07:39.916 [main] Log4jDemo - This is warning message
[ERROR] 2022-04-04 18:07:39.916 [main] Log4jDemo - This is error message
[FATAL] 2022-04-04 18:07:39.916 [main] Log4jDemo - This is fatal message
[ERROR] 2022-04-04 18:08:26.934 [main] Log4jDemo - This is error message
[FATAL] 2022-04-04 18:08:26.937 [main] Log4jDemo - This is fatal message
